INFO: Connected
[$SYS/brokers/connected] {"username":"(null)", "ts":1718905781370,"proto_name":"MQTT","keepalive":60,"return_code":"0","proto_ver":4,"client_id":"tedge-agent#te/device/main//","clean_start":0, "IPv4":"127.0.0.1"}
[te/device/main/service/tedge-agent] {"@parent":"device/main//","@type":"service","type":"service"}
[te/device/main/service/tedge-agent/status/health] {"pid":770,"status":"up","time":1718905781.3692567}
[te/device/main///cmd/restart] {}
[te/device/main///cmd/config_snapshot] {"types":["tedge-configuration-plugin","tedge-log-plugin","tedge.toml"]}
[te/device/main///cmd/log_upload] {"types":["software-management"]}
[te/device/main///cmd/config_update] {"types":["tedge-configuration-plugin","tedge-log-plugin","tedge.toml"]}
[te/device/main///cmd/software_list] {"types":[]}
[te/device/main///cmd/software_update] {"types":[]}
[$SYS/brokers/connected] {"username":"(null)", "ts":1718905827288,"proto_name":"MQTT","keepalive":60,"return_code":"0","proto_ver":4,"client_id":"tedge-mapper-bridge-c8y","clean_start":0, "IPv4":"127.0.0.1"}
[$SYS/brokers/connected] {"username":"(null)", "ts":1718905827289,"proto_name":"MQTT","keepalive":60,"return_code":"0","proto_ver":4,"client_id":"tedge-mapper-c8y","clean_start":0, "IPv4":"127.0.0.1"}
[$SYS/brokers/connected] {"username":"(null)", "ts":1718905827291,"proto_name":"MQTT","keepalive":60,"return_code":"0","proto_ver":4,"client_id":"dhqzpbrseg","clean_start":1, "IPv4":"127.0.0.1"}
[$SYS/brokers/connected] {"username":"(null)", "ts":1718905827296,"proto_name":"MQTT","keepalive":60,"return_code":"0","proto_ver":4,"client_id":"last_will_c8y_mapper","clean_start":0, "IPv4":"127.0.0.1"}
[c8y/s/uat] 
[te/device/main/service/tedge-mapper-bridge-c8y/status/health] {"status":"up"}
[c8y/inventory/managedObjects/update/tedge_container_ftw] {"c8y_Agent":{"name":"thin-edge.io","url":"https://thin-edge.io","version":"1.1.2~127+g39857ac"}}
[c8y/s/us] 114,c8y_DownloadConfigFile,c8y_LogfileRequest,c8y_Restart,c8y_SoftwareUpdate,c8y_UploadConfigFile
[te/device/main/service/tedge-mapper-c8y/status/health] {"pid":783,"status":"up","time":1718905827.2574825}
[te/device/main///twin/c8y_Agent] {"name":"thin-edge.io","url":"https://thin-edge.io","version":"1.1.2~127+g39857ac"}
[c8y/inventory/managedObjects/update/tedge_container_ftw] {"type":"thin-edge.io"}
[te/device/main/service/tedge-mapper-c8y] {"@parent":"device/main//","@type":"service","type":"service"}
[c8y/s/us] 500
[te/device/main///cmd/software_list/c8y-mapper-2024-06-20T17:50:27.811587059Z] {"status":"init"}
[te/device/main///cmd/software_list/c8y-mapper-2024-06-20T17:50:27.813871314Z] {"status":"init"}
[te/device/main///cmd/software_list/c8y-mapper-2024-06-20T17:50:27.816270069Z] {"status":"init"}
[te/device/main///cmd/software_list/c8y-mapper-2024-06-20T17:50:27.818128947Z] {"status":"init"}
[te/device/main///cmd/software_list/c8y-mapper-2024-06-20T17:50:27.819692534Z] {"status":"init"}
[te/device/main///cmd/software_list/c8y-mapper-2024-06-20T17:50:27.811587059Z] {"currentSoftwareList":[{"modules":[],"type":""}],"logPath":"/var/log/tedge/agent/workflow-software_list-c8y-mapper-2024-06-20T17:50:27.811587059Z.log","status":"successful"}
[te/device/main///cmd/software_list/c8y-mapper-2024-06-20T17:50:27.811587059Z] {"logPath":"/var/log/tedge/agent/workflow-software_list-c8y-mapper-2024-06-20T17:50:27.811587059Z.log","status":"scheduled"}
[te/device/main///cmd/software_list/c8y-mapper-2024-06-20T17:50:27.811587059Z] {"logPath":"/var/log/tedge/agent/workflow-software_list-c8y-mapper-2024-06-20T17:50:27.811587059Z.log","status":"executing"}
[te/device/main///cmd/software_list/c8y-mapper-2024-06-20T17:50:27.827485925Z] {"status":"init"}
[te/device/main///cmd/software_list/c8y-mapper-2024-06-20T17:50:27.825051795Z] {"status":"init"}
[te/device/main///cmd/software_list/c8y-mapper-2024-06-20T17:50:27.822230289Z] {"status":"init"}
[te/device/main///cmd/software_list/c8y-mapper-2024-06-20T17:50:27.834246731Z] {"status":"init"}
[te/device/main///cmd/software_list/c8y-mapper-2024-06-20T17:50:27.830277473Z] {"status":"init"}
[te/device/main///cmd/software_list/c8y-mapper-2024-06-20T17:50:27.847808759Z] {"status":"init"}
[te/device/main///cmd/software_list/c8y-mapper-2024-06-20T17:50:27.836818736Z] {"status":"init"}
[te/device/main///cmd/software_list/c8y-mapper-2024-06-20T17:50:27.84523042Z] {"status":"init"}
[te/device/main///cmd/software_list/c8y-mapper-2024-06-20T17:50:27.852242851Z] {"status":"init"}
[te/device/main///cmd/software_list/c8y-mapper-2024-06-20T17:50:27.854921149Z] {"status":"init"}
[te/device/main///cmd/software_list/c8y-mapper-2024-06-20T17:50:27.856729777Z] {"status":"init"}
[te/device/main///cmd/software_list/c8y-mapper-2024-06-20T17:50:27.860978411Z] {"status":"init"}
[te/device/main///cmd/software_list/c8y-mapper-2024-06-20T17:50:27.863284166Z] {"status":"init"}
[te/device/main///cmd/software_list/c8y-mapper-2024-06-20T17:50:27.813871314Z] {"logPath":"/var/log/tedge/agent/workflow-software_list-c8y-mapper-2024-06-20T17:50:27.813871314Z.log","status":"scheduled"}
[te/device/main///cmd/software_list/c8y-mapper-2024-06-20T17:50:27.865046795Z] {"status":"init"}
[te/device/main///cmd/software_list/c8y-mapper-2024-06-20T17:50:27.86691159Z] {"status":"init"}
[te/device/main///cmd/software_list/c8y-mapper-2024-06-20T17:50:27.869188136Z] {"status":"init"}
[te/device/main///cmd/software_list/c8y-mapper-2024-06-20T17:50:27.872442226Z] {"status":"init"}
[te/device/main///cmd/software_list/c8y-mapper-2024-06-20T17:50:27.871023474Z] {"status":"init"}
[te/device/main///cmd/software_list/c8y-mapper-2024-06-20T17:50:27.87423823Z] {"status":"init"}
[te/device/main///cmd/software_list/c8y-mapper-2024-06-20T17:50:27.880614035Z] {"status":"init"}
[te/device/main///cmd/software_list/c8y-mapper-2024-06-20T17:50:27.878127988Z] {"status":"init"}
[te/device/main///cmd/software_list/c8y-mapper-2024-06-20T17:50:27.876481443Z] {"status":"init"}
[te/device/main///cmd/software_list/c8y-mapper-2024-06-20T17:50:27.882608039Z] {"status":"init"}
[te/device/main///cmd/software_list/c8y-mapper-2024-06-20T17:50:27.816270069Z] {"logPath":"/var/log/tedge/agent/workflow-software_list-c8y-mapper-2024-06-20T17:50:27.816270069Z.log","status":"scheduled"}
[te/device/main///cmd/software_list/c8y-mapper-2024-06-20T17:50:27.884543585Z] {"status":"init"}
[c8y/s/us] 118,software-management
[c8y/s/us] 118,software-management
[c8y/s/us] 118,software-management
[te/device/main///cmd/software_list/c8y-mapper-2024-06-20T17:50:27.818128947Z] {"logPath":"/var/log/tedge/agent/workflow-software_list-c8y-mapper-2024-06-20T17:50:27.818128947Z.log","status":"scheduled"}
[c8y/s/us] 118,software-management
[c8y/s/us] 118,software-management
[c8y/s/us] 118,software-management
[c8y/s/us] 118,software-management
[c8y/s/us] 118,software-management
[c8y/s/us] 118,software-management
[te/device/main///cmd/software_list/c8y-mapper-2024-06-20T17:50:27.819692534Z] {"logPath":"/var/log/tedge/agent/workflow-software_list-c8y-mapper-2024-06-20T17:50:27.819692534Z.log","status":"scheduled"}
[c8y/s/us] 118,software-management
[c8y/s/us] 118,software-management
[c8y/s/us] 118,software-management
[c8y/s/us] 118,software-management
[c8y/s/us] 118,software-management
[c8y/s/us] 118,software-management
[c8y/s/us] 118,software-management
[c8y/s/us] 118,software-management
[te/device/main///cmd/software_list/c8y-mapper-2024-06-20T17:50:27.813871314Z] {"currentSoftwareList":[{"modules":[],"type":""}],"logPath":"/var/log/tedge/agent/workflow-software_list-c8y-mapper-2024-06-20T17:50:27.813871314Z.log","status":"successful"}
[te/device/main///cmd/software_list/c8y-mapper-2024-06-20T17:50:27.813871314Z] {"logPath":"/var/log/tedge/agent/workflow-software_list-c8y-mapper-2024-06-20T17:50:27.813871314Z.log","status":"executing"}
[te/device/main///cmd/software_list/c8y-mapper-2024-06-20T17:50:27.827485925Z] {"logPath":"/var/log/tedge/agent/workflow-software_list-c8y-mapper-2024-06-20T17:50:27.827485925Z.log","status":"scheduled"}
[c8y/s/us] 118,software-management
[c8y/s/us] 118,software-management
[c8y/s/us] 118,software-management
[c8y/s/us] 118,software-management
[te/device/main///cmd/software_list/c8y-mapper-2024-06-20T17:50:27.825051795Z] {"logPath":"/var/log/tedge/agent/workflow-software_list-c8y-mapper-2024-06-20T17:50:27.825051795Z.log","status":"scheduled"}
[c8y/s/us] 118,software-management
[te/device/main///cmd/software_list/c8y-mapper-2024-06-20T17:50:27.816270069Z] {"logPath":"/var/log/tedge/agent/workflow-software_list-c8y-mapper-2024-06-20T17:50:27.816270069Z.log","status":"executing"}
[te/device/main///cmd/software_list/c8y-mapper-2024-06-20T17:50:27.816270069Z] {"currentSoftwareList":[{"modules":[],"type":""}],"logPath":"/var/log/tedge/agent/workflow-software_list-c8y-mapper-2024-06-20T17:50:27.816270069Z.log","status":"successful"}
[c8y/s/us] 118,software-management
[c8y/s/us] 118,software-management
[te/device/main///cmd/software_list/c8y-mapper-2024-06-20T17:50:27.822230289Z] {"logPath":"/var/log/tedge/agent/workflow-software_list-c8y-mapper-2024-06-20T17:50:27.822230289Z.log","status":"scheduled"}
[c8y/s/us] 118,software-management
[te/device/main///cmd/software_list/c8y-mapper-2024-06-20T17:50:27.834246731Z] {"logPath":"/var/log/tedge/agent/workflow-software_list-c8y-mapper-2024-06-20T17:50:27.834246731Z.log","status":"scheduled"}
[te/device/main///cmd/software_list/c8y-mapper-2024-06-20T17:50:27.818128947Z] {"logPath":"/var/log/tedge/agent/workflow-software_list-c8y-mapper-2024-06-20T17:50:27.818128947Z.log","status":"executing"}
[c8y/s/us] 118,software-management
[te/device/main///cmd/software_list/c8y-mapper-2024-06-20T17:50:27.818128947Z] {"currentSoftwareList":[{"modules":[],"type":""}],"logPath":"/var/log/tedge/agent/workflow-software_list-c8y-mapper-2024-06-20T17:50:27.818128947Z.log","status":"successful"}
[te/device/main///cmd/software_list/c8y-mapper-2024-06-20T17:50:27.830277473Z] {"logPath":"/var/log/tedge/agent/workflow-software_list-c8y-mapper-2024-06-20T17:50:27.830277473Z.log","status":"scheduled"}
[te/device/main///cmd/software_list/c8y-mapper-2024-06-20T17:50:27.847808759Z] {"logPath":"/var/log/tedge/agent/workflow-software_list-c8y-mapper-2024-06-20T17:50:27.847808759Z.log","status":"scheduled"}
[te/device/main///cmd/software_list/c8y-mapper-2024-06-20T17:50:27.836818736Z] {"logPath":"/var/log/tedge/agent/workflow-software_list-c8y-mapper-2024-06-20T17:50:27.836818736Z.log","status":"scheduled"}
[c8y/s/us] 118,software-management
[c8y/s/us] 118,software-management
[c8y/s/us] 118,software-management
[te/device/main///cmd/software_list/c8y-mapper-2024-06-20T17:50:27.819692534Z] {"logPath":"/var/log/tedge/agent/workflow-software_list-c8y-mapper-2024-06-20T17:50:27.819692534Z.log","status":"executing"}
[c8y/s/us] 119,tedge-configuration-plugin,tedge-log-plugin,tedge.toml
[te/device/main///cmd/software_list/c8y-mapper-2024-06-20T17:50:27.819692534Z] {"currentSoftwareList":[{"modules":[],"type":""}],"logPath":"/var/log/tedge/agent/workflow-software_list-c8y-mapper-2024-06-20T17:50:27.819692534Z.log","status":"successful"}
[c8y/s/us] 119,tedge-configuration-plugin,tedge-log-plugin,tedge.toml
[c8y/s/us] 119,tedge-configuration-plugin,tedge-log-plugin,tedge.toml
[c8y/s/us] 119,tedge-configuration-plugin,tedge-log-plugin,tedge.toml
[c8y/s/us] 119,tedge-configuration-plugin,tedge-log-plugin,tedge.toml
[c8y/s/us] 119,tedge-configuration-plugin,tedge-log-plugin,tedge.toml
[c8y/s/us] 119,tedge-configuration-plugin,tedge-log-plugin,tedge.toml
[c8y/s/us] 119,tedge-configuration-plugin,tedge-log-plugin,tedge.toml
[te/device/main///cmd/software_list/c8y-mapper-2024-06-20T17:50:27.84523042Z] {"logPath":"/var/log/tedge/agent/workflow-software_list-c8y-mapper-2024-06-20T17:50:27.84523042Z.log","status":"scheduled"}
[te/device/main///cmd/software_list/c8y-mapper-2024-06-20T17:50:27.852242851Z] {"logPath":"/var/log/tedge/agent/workflow-software_list-c8y-mapper-2024-06-20T17:50:27.852242851Z.log","status":"scheduled"}
[te/device/main///cmd/software_list/c8y-mapper-2024-06-20T17:50:27.854921149Z] {"logPath":"/var/log/tedge/agent/workflow-software_list-c8y-mapper-2024-06-20T17:50:27.854921149Z.log","status":"scheduled"}
[te/device/main///cmd/software_list/c8y-mapper-2024-06-20T17:50:27.856729777Z] {"logPath":"/var/log/tedge/agent/workflow-software_list-c8y-mapper-2024-06-20T17:50:27.856729777Z.log","status":"scheduled"}
[c8y/s/us] 119,tedge-configuration-plugin,tedge-log-plugin,tedge.toml
[c8y/s/us] 119,tedge-configuration-plugin,tedge-log-plugin,tedge.toml
[te/device/main///cmd/software_list/c8y-mapper-2024-06-20T17:50:27.860978411Z] {"logPath":"/var/log/tedge/agent/workflow-software_list-c8y-mapper-2024-06-20T17:50:27.860978411Z.log","status":"scheduled"}
[te/device/main///cmd/software_list/c8y-mapper-2024-06-20T17:50:27.863284166Z] {"logPath":"/var/log/tedge/agent/workflow-software_list-c8y-mapper-2024-06-20T17:50:27.863284166Z.log","status":"scheduled"}
[te/device/main///cmd/software_list/c8y-mapper-2024-06-20T17:50:27.827485925Z] {"logPath":"/var/log/tedge/agent/workflow-software_list-c8y-mapper-2024-06-20T17:50:27.827485925Z.log","status":"executing"}
[te/device/main///cmd/software_list/c8y-mapper-2024-06-20T17:50:27.827485925Z] {"currentSoftwareList":[{"modules":[],"type":""}],"logPath":"/var/log/tedge/agent/workflow-software_list-c8y-mapper-2024-06-20T17:50:27.827485925Z.log","status":"successful"}
[c8y/s/us] 119,tedge-configuration-plugin,tedge-log-plugin,tedge.toml
[c8y/s/us] 119,tedge-configuration-plugin,tedge-log-plugin,tedge.toml
[c8y/s/us] 119,tedge-configuration-plugin,tedge-log-plugin,tedge.toml
[c8y/s/us] 119,tedge-configuration-plugin,tedge-log-plugin,tedge.toml
[c8y/s/us] 119,tedge-configuration-plugin,tedge-log-plugin,tedge.toml
[c8y/s/us] 119,tedge-configuration-plugin,tedge-log-plugin,tedge.toml
[c8y/s/us] 119,tedge-configuration-plugin,tedge-log-plugin,tedge.toml
[c8y/s/us] 119,tedge-configuration-plugin,tedge-log-plugin,tedge.toml
[c8y/s/us] 119,tedge-configuration-plugin,tedge-log-plugin,tedge.toml
[c8y/s/us] 119,tedge-configuration-plugin,tedge-log-plugin,tedge.toml
[te/device/main///cmd/software_list/c8y-mapper-2024-06-20T17:50:27.865046795Z] {"logPath":"/var/log/tedge/agent/workflow-software_list-c8y-mapper-2024-06-20T17:50:27.865046795Z.log","status":"scheduled"}
[c8y/s/us] 119,tedge-configuration-plugin,tedge-log-plugin,tedge.toml
[c8y/s/us] 119,tedge-configuration-plugin,tedge-log-plugin,tedge.toml
[c8y/s/us] 119,tedge-configuration-plugin,tedge-log-plugin,tedge.toml
[c8y/s/us] 119,tedge-configuration-plugin,tedge-log-plugin,tedge.toml
[c8y/s/us] 119,tedge-configuration-plugin,tedge-log-plugin,tedge.toml
[c8y/s/us] 119,tedge-configuration-plugin,tedge-log-plugin,tedge.toml
[te/device/main///cmd/software_list/c8y-mapper-2024-06-20T17:50:27.86691159Z] {"logPath":"/var/log/tedge/agent/workflow-software_list-c8y-mapper-2024-06-20T17:50:27.86691159Z.log","status":"scheduled"}
[c8y/s/us] 119,tedge-configuration-plugin,tedge-log-plugin,tedge.toml
[c8y/s/us] 119,tedge-configuration-plugin,tedge-log-plugin,tedge.toml
[te/device/main///cmd/software_list/c8y-mapper-2024-06-20T17:50:27.869188136Z] {"logPath":"/var/log/tedge/agent/workflow-software_list-c8y-mapper-2024-06-20T17:50:27.869188136Z.log","status":"scheduled"}
[c8y/s/us] 119,tedge-configuration-plugin,tedge-log-plugin,tedge.toml
[te/device/main///cmd/software_list/c8y-mapper-2024-06-20T17:50:27.871023474Z] {"logPath":"/var/log/tedge/agent/workflow-software_list-c8y-mapper-2024-06-20T17:50:27.871023474Z.log","status":"scheduled"}
[c8y/s/us] 119,tedge-configuration-plugin,tedge-log-plugin,tedge.toml
[te/device/main///cmd/software_list/c8y-mapper-2024-06-20T17:50:27.825051795Z] {"logPath":"/var/log/tedge/agent/workflow-software_list-c8y-mapper-2024-06-20T17:50:27.825051795Z.log","status":"executing"}
[te/device/main///cmd/software_list/c8y-mapper-2024-06-20T17:50:27.825051795Z] {"currentSoftwareList":[{"modules":[],"type":""}],"logPath":"/var/log/tedge/agent/workflow-software_list-c8y-mapper-2024-06-20T17:50:27.825051795Z.log","status":"successful"}
[te/device/main///cmd/software_list/c8y-mapper-2024-06-20T17:50:27.872442226Z] {"logPath":"/var/log/tedge/agent/workflow-software_list-c8y-mapper-2024-06-20T17:50:27.872442226Z.log","status":"scheduled"}
[c8y/s/us] 119,tedge-configuration-plugin,tedge-log-plugin,tedge.toml
[c8y/s/us] 119,tedge-configuration-plugin,tedge-log-plugin,tedge.toml
[c8y/s/us] 119,tedge-configuration-plugin,tedge-log-plugin,tedge.toml
[te/device/main///cmd/software_list/c8y-mapper-2024-06-20T17:50:27.87423823Z] {"logPath":"/var/log/tedge/agent/workflow-software_list-c8y-mapper-2024-06-20T17:50:27.87423823Z.log","status":"scheduled"}
[te/device/main///cmd/software_list/c8y-mapper-2024-06-20T17:50:27.878127988Z] {"logPath":"/var/log/tedge/agent/workflow-software_list-c8y-mapper-2024-06-20T17:50:27.878127988Z.log","status":"scheduled"}
[te/device/main///cmd/software_list/c8y-mapper-2024-06-20T17:50:27.880614035Z] {"logPath":"/var/log/tedge/agent/workflow-software_list-c8y-mapper-2024-06-20T17:50:27.880614035Z.log","status":"scheduled"}
[te/device/main///cmd/software_list/c8y-mapper-2024-06-20T17:50:27.882608039Z] {"logPath":"/var/log/tedge/agent/workflow-software_list-c8y-mapper-2024-06-20T17:50:27.882608039Z.log","status":"scheduled"}
[te/device/main///cmd/software_list/c8y-mapper-2024-06-20T17:50:27.876481443Z] {"logPath":"/var/log/tedge/agent/workflow-software_list-c8y-mapper-2024-06-20T17:50:27.876481443Z.log","status":"scheduled"}
[c8y/s/us] 119,tedge-configuration-plugin,tedge-log-plugin,tedge.toml
[c8y/s/us] 119,tedge-configuration-plugin,tedge-log-plugin,tedge.toml
[c8y/s/us] 119,tedge-configuration-plugin,tedge-log-plugin,tedge.toml
[c8y/s/us] 119,tedge-configuration-plugin,tedge-log-plugin,tedge.toml
[c8y/s/us] 119,tedge-configuration-plugin,tedge-log-plugin,tedge.toml
[te/device/main///cmd/software_list/c8y-mapper-2024-06-20T17:50:27.822230289Z] {"logPath":"/var/log/tedge/agent/workflow-software_list-c8y-mapper-2024-06-20T17:50:27.822230289Z.log","status":"executing"}
[te/device/main///cmd/software_list/c8y-mapper-2024-06-20T17:50:27.822230289Z] {"currentSoftwareList":[{"modules":[],"type":""}],"logPath":"/var/log/tedge/agent/workflow-software_list-c8y-mapper-2024-06-20T17:50:27.822230289Z.log","status":"successful"}
[c8y/s/us] 119,tedge-configuration-plugin,tedge-log-plugin,tedge.toml
[te/device/main///cmd/software_list/c8y-mapper-2024-06-20T17:50:27.834246731Z] {"currentSoftwareList":[{"modules":[],"type":""}],"logPath":"/var/log/tedge/agent/workflow-software_list-c8y-mapper-2024-06-20T17:50:27.834246731Z.log","status":"successful"}
[te/device/main///cmd/software_list/c8y-mapper-2024-06-20T17:50:27.834246731Z] {"logPath":"/var/log/tedge/agent/workflow-software_list-c8y-mapper-2024-06-20T17:50:27.834246731Z.log","status":"executing"}
[te/device/main///cmd/software_list/c8y-mapper-2024-06-20T17:50:27.884543585Z] {"logPath":"/var/log/tedge/agent/workflow-software_list-c8y-mapper-2024-06-20T17:50:27.884543585Z.log","status":"scheduled"}
[te/device/main///cmd/software_list/c8y-mapper-2024-06-20T17:50:27.830277473Z] {"logPath":"/var/log/tedge/agent/workflow-software_list-c8y-mapper-2024-06-20T17:50:27.830277473Z.log","status":"executing"}
[c8y/s/us] 119,tedge-configuration-plugin,tedge-log-plugin,tedge.toml
[te/device/main///cmd/software_list/c8y-mapper-2024-06-20T17:50:27.830277473Z] {"currentSoftwareList":[{"modules":[],"type":""}],"logPath":"/var/log/tedge/agent/workflow-software_list-c8y-mapper-2024-06-20T17:50:27.830277473Z.log","status":"successful"}
[c8y/s/us] 119,tedge-configuration-plugin,tedge-log-plugin,tedge.toml
[c8y/s/us] 119,tedge-configuration-plugin,tedge-log-plugin,tedge.toml
[c8y/s/us] 119,tedge-configuration-plugin,tedge-log-plugin,tedge.toml
[c8y/s/us] 119,tedge-configuration-plugin,tedge-log-plugin,tedge.toml
[c8y/s/us] 119,tedge-configuration-plugin,tedge-log-plugin,tedge.toml
[c8y/s/us] 119,tedge-configuration-plugin,tedge-log-plugin,tedge.toml
[c8y/s/us] 119,tedge-configuration-plugin,tedge-log-plugin,tedge.toml
[te/device/main///cmd/software_list/c8y-mapper-2024-06-20T17:50:27.847808759Z] {"currentSoftwareList":[{"modules":[],"type":""}],"logPath":"/var/log/tedge/agent/workflow-software_list-c8y-mapper-2024-06-20T17:50:27.847808759Z.log","status":"successful"}
[te/device/main///cmd/software_list/c8y-mapper-2024-06-20T17:50:27.847808759Z] {"logPath":"/var/log/tedge/agent/workflow-software_list-c8y-mapper-2024-06-20T17:50:27.847808759Z.log","status":"executing"}
[c8y/s/us] 119,tedge-configuration-plugin,tedge-log-plugin,tedge.toml
[c8y/s/us] 119,tedge-configuration-plugin,tedge-log-plugin,tedge.toml
[te/device/main///cmd/software_list/c8y-mapper-2024-06-20T17:50:27.836818736Z] {"logPath":"/var/log/tedge/agent/workflow-software_list-c8y-mapper-2024-06-20T17:50:27.836818736Z.log","status":"executing"}
[te/device/main///cmd/software_list/c8y-mapper-2024-06-20T17:50:27.836818736Z] {"currentSoftwareList":[{"modules":[],"type":""}],"logPath":"/var/log/tedge/agent/workflow-software_list-c8y-mapper-2024-06-20T17:50:27.836818736Z.log","status":"successful"}
[te/device/main///cmd/software_list/c8y-mapper-2024-06-20T17:50:27.84523042Z] {"logPath":"/var/log/tedge/agent/workflow-software_list-c8y-mapper-2024-06-20T17:50:27.84523042Z.log","status":"executing"}
[te/device/main///cmd/software_list/c8y-mapper-2024-06-20T17:50:27.852242851Z] {"logPath":"/var/log/tedge/agent/workflow-software_list-c8y-mapper-2024-06-20T17:50:27.852242851Z.log","status":"executing"}
[te/device/main///cmd/software_list/c8y-mapper-2024-06-20T17:50:27.852242851Z] {"currentSoftwareList":[{"modules":[],"type":""}],"logPath":"/var/log/tedge/agent/workflow-software_list-c8y-mapper-2024-06-20T17:50:27.852242851Z.log","status":"successful"}
[te/device/main///cmd/software_list/c8y-mapper-2024-06-20T17:50:27.84523042Z] {"currentSoftwareList":[{"modules":[],"type":""}],"logPath":"/var/log/tedge/agent/workflow-software_list-c8y-mapper-2024-06-20T17:50:27.84523042Z.log","status":"successful"}
[te/device/main///cmd/software_list/c8y-mapper-2024-06-20T17:50:27.854921149Z] {"logPath":"/var/log/tedge/agent/workflow-software_list-c8y-mapper-2024-06-20T17:50:27.854921149Z.log","status":"executing"}
[c8y/s/us] 119,tedge-configuration-plugin,tedge-log-plugin,tedge.toml
[te/device/main///cmd/software_list/c8y-mapper-2024-06-20T17:50:27.854921149Z] {"currentSoftwareList":[{"modules":[],"type":""}],"logPath":"/var/log/tedge/agent/workflow-software_list-c8y-mapper-2024-06-20T17:50:27.854921149Z.log","status":"successful"}
[te/device/main///cmd/software_list/c8y-mapper-2024-06-20T17:50:27.856729777Z] {"currentSoftwareList":[{"modules":[],"type":""}],"logPath":"/var/log/tedge/agent/workflow-software_list-c8y-mapper-2024-06-20T17:50:27.856729777Z.log","status":"successful"}
[te/device/main///cmd/software_list/c8y-mapper-2024-06-20T17:50:27.856729777Z] {"logPath":"/var/log/tedge/agent/workflow-software_list-c8y-mapper-2024-06-20T17:50:27.856729777Z.log","status":"executing"}
[c8y/s/us] 119,tedge-configuration-plugin,tedge-log-plugin,tedge.toml
[c8y/s/us] 119,tedge-configuration-plugin,tedge-log-plugin,tedge.toml
[c8y/s/us] 119,tedge-configuration-plugin,tedge-log-plugin,tedge.toml
[te/device/main///cmd/software_list/c8y-mapper-2024-06-20T17:50:27.860978411Z] {"logPath":"/var/log/tedge/agent/workflow-software_list-c8y-mapper-2024-06-20T17:50:27.860978411Z.log","status":"executing"}
[c8y/s/us] 119,tedge-configuration-plugin,tedge-log-plugin,tedge.toml
[c8y/s/us] 119,tedge-configuration-plugin,tedge-log-plugin,tedge.toml
[c8y/s/us] 119,tedge-configuration-plugin,tedge-log-plugin,tedge.toml
[te/device/main///cmd/software_list/c8y-mapper-2024-06-20T17:50:27.860978411Z] {"currentSoftwareList":[{"modules":[],"type":""}],"logPath":"/var/log/tedge/agent/workflow-software_list-c8y-mapper-2024-06-20T17:50:27.860978411Z.log","status":"successful"}
[te/device/main///cmd/software_list/c8y-mapper-2024-06-20T17:50:27.863284166Z] {"currentSoftwareList":[{"modules":[],"type":""}],"logPath":"/var/log/tedge/agent/workflow-software_list-c8y-mapper-2024-06-20T17:50:27.863284166Z.log","status":"successful"}
[te/device/main///cmd/software_list/c8y-mapper-2024-06-20T17:50:27.865046795Z] {"logPath":"/var/log/tedge/agent/workflow-software_list-c8y-mapper-2024-06-20T17:50:27.865046795Z.log","status":"executing"}
[te/device/main///cmd/software_list/c8y-mapper-2024-06-20T17:50:27.863284166Z] {"logPath":"/var/log/tedge/agent/workflow-software_list-c8y-mapper-2024-06-20T17:50:27.863284166Z.log","status":"executing"}
[te/device/main///cmd/software_list/c8y-mapper-2024-06-20T17:50:27.865046795Z] {"currentSoftwareList":[{"modules":[],"type":""}],"logPath":"/var/log/tedge/agent/workflow-software_list-c8y-mapper-2024-06-20T17:50:27.865046795Z.log","status":"successful"}
[te/device/main///cmd/software_list/c8y-mapper-2024-06-20T17:50:27.86691159Z] {"logPath":"/var/log/tedge/agent/workflow-software_list-c8y-mapper-2024-06-20T17:50:27.86691159Z.log","status":"executing"}
[te/device/main///cmd/software_list/c8y-mapper-2024-06-20T17:50:27.869188136Z] {"logPath":"/var/log/tedge/agent/workflow-software_list-c8y-mapper-2024-06-20T17:50:27.869188136Z.log","status":"executing"}
[te/device/main///cmd/software_list/c8y-mapper-2024-06-20T17:50:27.86691159Z] {"currentSoftwareList":[{"modules":[],"type":""}],"logPath":"/var/log/tedge/agent/workflow-software_list-c8y-mapper-2024-06-20T17:50:27.86691159Z.log","status":"successful"}
[te/device/main///cmd/software_list/c8y-mapper-2024-06-20T17:50:27.869188136Z] {"currentSoftwareList":[{"modules":[],"type":""}],"logPath":"/var/log/tedge/agent/workflow-software_list-c8y-mapper-2024-06-20T17:50:27.869188136Z.log","status":"successful"}
[te/device/main///cmd/software_list/c8y-mapper-2024-06-20T17:50:27.871023474Z] {"logPath":"/var/log/tedge/agent/workflow-software_list-c8y-mapper-2024-06-20T17:50:27.871023474Z.log","status":"executing"}
[te/device/main///cmd/software_list/c8y-mapper-2024-06-20T17:50:27.871023474Z] {"currentSoftwareList":[{"modules":[],"type":""}],"logPath":"/var/log/tedge/agent/workflow-software_list-c8y-mapper-2024-06-20T17:50:27.871023474Z.log","status":"successful"}
[te/device/main///cmd/software_list/c8y-mapper-2024-06-20T17:50:27.872442226Z] {"currentSoftwareList":[{"modules":[],"type":""}],"logPath":"/var/log/tedge/agent/workflow-software_list-c8y-mapper-2024-06-20T17:50:27.872442226Z.log","status":"successful"}
[te/device/main///cmd/software_list/c8y-mapper-2024-06-20T17:50:27.872442226Z] {"logPath":"/var/log/tedge/agent/workflow-software_list-c8y-mapper-2024-06-20T17:50:27.872442226Z.log","status":"executing"}
[c8y/s/us] 119,tedge-configuration-plugin,tedge-log-plugin,tedge.toml
[c8y/s/us] 119,tedge-configuration-plugin,tedge-log-plugin,tedge.toml
[c8y/s/us] 119,tedge-configuration-plugin,tedge-log-plugin,tedge.toml
[c8y/s/us] 119,tedge-configuration-plugin,tedge-log-plugin,tedge.toml
[te/device/main///cmd/software_list/c8y-mapper-2024-06-20T17:50:27.878127988Z] {"logPath":"/var/log/tedge/agent/workflow-software_list-c8y-mapper-2024-06-20T17:50:27.878127988Z.log","status":"executing"}
[te/device/main///cmd/software_list/c8y-mapper-2024-06-20T17:50:27.87423823Z] {"logPath":"/var/log/tedge/agent/workflow-software_list-c8y-mapper-2024-06-20T17:50:27.87423823Z.log","status":"executing"}
[te/device/main///cmd/software_list/c8y-mapper-2024-06-20T17:50:27.878127988Z] {"currentSoftwareList":[{"modules":[],"type":""}],"logPath":"/var/log/tedge/agent/workflow-software_list-c8y-mapper-2024-06-20T17:50:27.878127988Z.log","status":"successful"}
[te/device/main///cmd/software_list/c8y-mapper-2024-06-20T17:50:27.87423823Z] {"currentSoftwareList":[{"modules":[],"type":""}],"logPath":"/var/log/tedge/agent/workflow-software_list-c8y-mapper-2024-06-20T17:50:27.87423823Z.log","status":"successful"}
[c8y/s/us] 119,tedge-configuration-plugin,tedge-log-plugin,tedge.toml
[te/device/main///cmd/software_list/c8y-mapper-2024-06-20T17:50:27.880614035Z] {"currentSoftwareList":[{"modules":[],"type":""}],"logPath":"/var/log/tedge/agent/workflow-software_list-c8y-mapper-2024-06-20T17:50:27.880614035Z.log","status":"successful"}
[te/device/main///cmd/software_list/c8y-mapper-2024-06-20T17:50:27.880614035Z] {"logPath":"/var/log/tedge/agent/workflow-software_list-c8y-mapper-2024-06-20T17:50:27.880614035Z.log","status":"executing"}
[te/device/main///cmd/software_list/c8y-mapper-2024-06-20T17:50:27.876481443Z] {"logPath":"/var/log/tedge/agent/workflow-software_list-c8y-mapper-2024-06-20T17:50:27.876481443Z.log","status":"executing"}
[te/device/main///cmd/software_list/c8y-mapper-2024-06-20T17:50:27.882608039Z] {"currentSoftwareList":[{"modules":[],"type":""}],"logPath":"/var/log/tedge/agent/workflow-software_list-c8y-mapper-2024-06-20T17:50:27.882608039Z.log","status":"successful"}
[te/device/main///cmd/software_list/c8y-mapper-2024-06-20T17:50:27.876481443Z] {"currentSoftwareList":[{"modules":[],"type":""}],"logPath":"/var/log/tedge/agent/workflow-software_list-c8y-mapper-2024-06-20T17:50:27.876481443Z.log","status":"successful"}
[te/device/main///cmd/software_list/c8y-mapper-2024-06-20T17:50:27.882608039Z] {"logPath":"/var/log/tedge/agent/workflow-software_list-c8y-mapper-2024-06-20T17:50:27.882608039Z.log","status":"executing"}
[te/device/main///cmd/software_list/c8y-mapper-2024-06-20T17:50:27.884543585Z] {"logPath":"/var/log/tedge/agent/workflow-software_list-c8y-mapper-2024-06-20T17:50:27.884543585Z.log","status":"executing"}
[te/device/main///cmd/software_list/c8y-mapper-2024-06-20T17:50:27.884543585Z] {"currentSoftwareList":[{"modules":[],"type":""}],"logPath":"/var/log/tedge/agent/workflow-software_list-c8y-mapper-2024-06-20T17:50:27.884543585Z.log","status":"successful"}
[c8y/s/uat] 
[c8y/s/dat] 71,<<redacted>>
[$SYS/brokers/disconnected] {"username":"(null)","ts":1718905847384,"reason_code":"0","client_id":"dhqzpbrseg","IPv4":"127.0.0.1"}
[c8y/s/us] 119,tedge-configuration-plugin,tedge-log-plugin,tedge.toml
[c8y/s/us] 119,tedge-configuration-plugin,tedge-log-plugin,tedge.toml
[c8y/s/us] 119,tedge-configuration-plugin,tedge-log-plugin,tedge.toml
[c8y/s/us] 119,tedge-configuration-plugin,tedge-log-plugin,tedge.toml
[c8y/s/us] 119,tedge-configuration-plugin,tedge-log-plugin,tedge.toml
[c8y/s/us] 119,tedge-configuration-plugin,tedge-log-plugin,tedge.toml
[c8y/s/us] 119,tedge-configuration-plugin,tedge-log-plugin,tedge.toml
[c8y/s/us] 119,tedge-configuration-plugin,tedge-log-plugin,tedge.toml
[c8y/s/us] 119,tedge-configuration-plugin,tedge-log-plugin,tedge.toml
[c8y/s/us] 119,tedge-configuration-plugin,tedge-log-plugin,tedge.toml
[c8y/s/us] 119,tedge-configuration-plugin,tedge-log-plugin,tedge.toml
[c8y/s/us] 119,tedge-configuration-plugin,tedge-log-plugin,tedge.toml
[c8y/s/us] 119,tedge-configuration-plugin,tedge-log-plugin,tedge.toml
[c8y/s/us] 119,tedge-configuration-plugin,tedge-log-plugin,tedge.toml
[c8y/s/us] 119,tedge-configuration-plugin,tedge-log-plugin,tedge.toml
[c8y/s/us] 119,tedge-configuration-plugin,tedge-log-plugin,tedge.toml
[c8y/s/us] 119,tedge-configuration-plugin,tedge-log-plugin,tedge.toml
[c8y/s/us] 119,tedge-configuration-plugin,tedge-log-plugin,tedge.toml
[c8y/s/us] 119,tedge-configuration-plugin,tedge-log-plugin,tedge.toml
[c8y/s/us] 119,tedge-configuration-plugin,tedge-log-plugin,tedge.toml
[c8y/s/us] 119,tedge-configuration-plugin,tedge-log-plugin,tedge.toml
[c8y/s/us] 119,tedge-configuration-plugin,tedge-log-plugin,tedge.toml
[c8y/s/us] 119,tedge-configuration-plugin,tedge-log-plugin,tedge.toml
[c8y/s/us] 119,tedge-configuration-plugin,tedge-log-plugin,tedge.toml
[c8y/s/us] 119,tedge-configuration-plugin,tedge-log-plugin,tedge.toml
[c8y/s/us] 119,tedge-configuration-plugin,tedge-log-plugin,tedge.toml
[c8y/s/us] 119,tedge-configuration-plugin,tedge-log-plugin,tedge.toml
[c8y/s/us] 119,tedge-configuration-plugin,tedge-log-plugin,tedge.toml
[c8y/s/us] 119,tedge-configuration-plugin,tedge-log-plugin,tedge.toml
[c8y/s/us] 119,tedge-configuration-plugin,tedge-log-plugin,tedge.toml
[c8y/s/us] 119,tedge-configuration-plugin,tedge-log-plugin,tedge.toml
[c8y/s/us] 119,tedge-configuration-plugin,tedge-log-plugin,tedge.toml
[c8y/s/us] 119,tedge-configuration-plugin,tedge-log-plugin,tedge.toml
[c8y/s/us] 119,tedge-configuration-plugin,tedge-log-plugin,tedge.toml
[c8y/s/us] 119,tedge-configuration-plugin,tedge-log-plugin,tedge.toml
[c8y/s/us] 119,tedge-configuration-plugin,tedge-log-plugin,tedge.toml
[c8y/s/us] 119,tedge-configuration-plugin,tedge-log-plugin,tedge.toml
[c8y/s/us] 119,tedge-configuration-plugin,tedge-log-plugin,tedge.toml
[c8y/s/us] 119,tedge-configuration-plugin,tedge-log-plugin,tedge.toml
[c8y/s/us] 119,tedge-configuration-plugin,tedge-log-plugin,tedge.toml
[c8y/s/us] 119,tedge-configuration-plugin,tedge-log-plugin,tedge.toml
[c8y/s/us] 119,tedge-configuration-plugin,tedge-log-plugin,tedge.toml
[c8y/s/us] 119,tedge-configuration-plugin,tedge-log-plugin,tedge.toml
[c8y/s/us] 119,tedge-configuration-plugin,tedge-log-plugin,tedge.toml
[c8y/s/us] 119,tedge-configuration-plugin,tedge-log-plugin,tedge.toml
[c8y/s/us] 119,tedge-configuration-plugin,tedge-log-plugin,tedge.toml
[c8y/s/us] 119,tedge-configuration-plugin,tedge-log-plugin,tedge.toml
[c8y/s/us] 119,tedge-configuration-plugin,tedge-log-plugin,tedge.toml
[c8y/s/us] 119,tedge-configuration-plugin,tedge-log-plugin,tedge.toml
[c8y/s/us] 119,tedge-configuration-plugin,tedge-log-plugin,tedge.toml
[c8y/s/us] 119,tedge-configuration-plugin,tedge-log-plugin,tedge.toml
[c8y/s/us] 119,tedge-configuration-plugin,tedge-log-plugin,tedge.toml
[c8y/s/us] 119,tedge-configuration-plugin,tedge-log-plugin,tedge.toml
[c8y/s/us] 119,tedge-configuration-plugin,tedge-log-plugin,tedge.toml
[c8y/s/us] 119,tedge-configuration-plugin,tedge-log-plugin,tedge.toml
[c8y/s/us] 118,software-management
[c8y/s/us] 118,software-management
[c8y/s/us] 118,software-management
[c8y/s/us] 118,software-management
[c8y/s/us] 118,software-management
[c8y/s/us] 118,software-management
[c8y/s/us] 118,software-management
[c8y/s/us] 118,software-management
[c8y/s/us] 118,software-management
[c8y/s/us] 118,software-management
[c8y/s/us] 118,software-management
[c8y/s/us] 118,software-management
[c8y/s/us] 118,software-management
[c8y/s/us] 118,software-management
[c8y/s/us] 118,software-management
[c8y/s/us] 118,software-management
[c8y/s/us] 118,software-management
[c8y/s/us] 118,software-management
[c8y/s/us] 118,software-management
[c8y/s/us] 118,software-management
[c8y/s/us] 118,software-management
[c8y/s/us] 118,software-management
[c8y/s/us] 118,software-management
[c8y/s/us] 118,software-management
[c8y/s/us] 118,software-management
[c8y/s/us] 118,software-management
[c8y/s/us] 118,software-management
[c8y/s/us] 118,software-management
[c8y/s/us] 118,software-management
[te/device/main///cmd/software_list/c8y-mapper-2024-06-20T17:50:28.724981824Z] {"status":"init"}
[te/device/main///cmd/software_list/c8y-mapper-2024-06-20T17:50:28.724981824Z] {"logPath":"/var/log/tedge/agent/workflow-software_list-c8y-mapper-2024-06-20T17:50:28.724981824Z.log","status":"executing"}
[te/device/main///cmd/software_list/c8y-mapper-2024-06-20T17:50:28.724981824Z] {"logPath":"/var/log/tedge/agent/workflow-software_list-c8y-mapper-2024-06-20T17:50:28.724981824Z.log","status":"scheduled"}
[te/device/main///cmd/software_list/c8y-mapper-2024-06-20T17:50:28.724981824Z] {"currentSoftwareList":[{"modules":[],"type":""}],"logPath":"/var/log/tedge/agent/workflow-software_list-c8y-mapper-2024-06-20T17:50:28.724981824Z.log","status":"successful"}
[te/device/main///cmd/software_list/c8y-mapper-2024-06-20T17:50:28.728087706Z] {"status":"init"}
[te/device/main///cmd/software_list/c8y-mapper-2024-06-20T17:50:28.728087706Z] {"logPath":"/var/log/tedge/agent/workflow-software_list-c8y-mapper-2024-06-20T17:50:28.728087706Z.log","status":"scheduled"}
[te/device/main///cmd/software_list/c8y-mapper-2024-06-20T17:50:28.728087706Z] {"currentSoftwareList":[{"modules":[],"type":""}],"logPath":"/var/log/tedge/agent/workflow-software_list-c8y-mapper-2024-06-20T17:50:28.728087706Z.log","status":"successful"}
[te/device/main///cmd/software_list/c8y-mapper-2024-06-20T17:50:28.728087706Z] {"logPath":"/var/log/tedge/agent/workflow-software_list-c8y-mapper-2024-06-20T17:50:28.728087706Z.log","status":"executing"}
[te/device/main///cmd/software_list/c8y-mapper-2024-06-20T17:50:28.732928466Z] {"status":"init"}
[te/device/main///cmd/software_list/c8y-mapper-2024-06-20T17:50:28.730833086Z] {"status":"init"}
[te/device/main///cmd/software_list/c8y-mapper-2024-06-20T17:50:28.730833086Z] {"logPath":"/var/log/tedge/agent/workflow-software_list-c8y-mapper-2024-06-20T17:50:28.730833086Z.log","status":"scheduled"}
[te/device/main///cmd/software_list/c8y-mapper-2024-06-20T17:50:28.730833086Z] {"logPath":"/var/log/tedge/agent/workflow-software_list-c8y-mapper-2024-06-20T17:50:28.730833086Z.log","status":"executing"}
[te/device/main///cmd/software_list/c8y-mapper-2024-06-20T17:50:28.730833086Z] {"currentSoftwareList":[{"modules":[],"type":""}],"logPath":"/var/log/tedge/agent/workflow-software_list-c8y-mapper-2024-06-20T17:50:28.730833086Z.log","status":"successful"}
[te/device/main///cmd/software_list/c8y-mapper-2024-06-20T17:50:28.732928466Z] {"logPath":"/var/log/tedge/agent/workflow-software_list-c8y-mapper-2024-06-20T17:50:28.732928466Z.log","status":"scheduled"}
[te/device/main///cmd/software_list/c8y-mapper-2024-06-20T17:50:28.732928466Z] {"currentSoftwareList":[{"modules":[],"type":""}],"logPath":"/var/log/tedge/agent/workflow-software_list-c8y-mapper-2024-06-20T17:50:28.732928466Z.log","status":"successful"}
[te/device/main///cmd/software_list/c8y-mapper-2024-06-20T17:50:28.732928466Z] {"logPath":"/var/log/tedge/agent/workflow-software_list-c8y-mapper-2024-06-20T17:50:28.732928466Z.log","status":"executing"}
[te/device/main///cmd/software_list/c8y-mapper-2024-06-20T17:50:28.735056637Z] {"status":"init"}
[te/device/main///cmd/software_list/c8y-mapper-2024-06-20T17:50:28.735056637Z] {"logPath":"/var/log/tedge/agent/workflow-software_list-c8y-mapper-2024-06-20T17:50:28.735056637Z.log","status":"scheduled"}
[te/device/main///cmd/software_list/c8y-mapper-2024-06-20T17:50:28.735056637Z] {"logPath":"/var/log/tedge/agent/workflow-software_list-c8y-mapper-2024-06-20T17:50:28.735056637Z.log","status":"executing"}
[te/device/main///cmd/software_list/c8y-mapper-2024-06-20T17:50:28.735056637Z] {"currentSoftwareList":[{"modules":[],"type":""}],"logPath":"/var/log/tedge/agent/workflow-software_list-c8y-mapper-2024-06-20T17:50:28.735056637Z.log","status":"successful"}
[te/device/main///cmd/software_list/c8y-mapper-2024-06-20T17:50:28.736681765Z] {"status":"init"}
[te/device/main///cmd/software_list/c8y-mapper-2024-06-20T17:50:28.736681765Z] {"logPath":"/var/log/tedge/agent/workflow-software_list-c8y-mapper-2024-06-20T17:50:28.736681765Z.log","status":"executing"}
[te/device/main///cmd/software_list/c8y-mapper-2024-06-20T17:50:28.736681765Z] {"currentSoftwareList":[{"modules":[],"type":""}],"logPath":"/var/log/tedge/agent/workflow-software_list-c8y-mapper-2024-06-20T17:50:28.736681765Z.log","status":"successful"}
[te/device/main///cmd/software_list/c8y-mapper-2024-06-20T17:50:28.736681765Z] {"logPath":"/var/log/tedge/agent/workflow-software_list-c8y-mapper-2024-06-20T17:50:28.736681765Z.log","status":"scheduled"}
[te/device/main///cmd/software_list/c8y-mapper-2024-06-20T17:50:28.738809228Z] {"status":"init"}
[te/device/main///cmd/software_list/c8y-mapper-2024-06-20T17:50:28.742208402Z] {"status":"init"}
[te/device/main///cmd/software_list/c8y-mapper-2024-06-20T17:50:28.744712782Z] {"status":"init"}
[te/device/main///cmd/software_list/c8y-mapper-2024-06-20T17:50:28.738809228Z] {"logPath":"/var/log/tedge/agent/workflow-software_list-c8y-mapper-2024-06-20T17:50:28.738809228Z.log","status":"scheduled"}
[te/device/main///cmd/software_list/c8y-mapper-2024-06-20T17:50:28.738809228Z] {"logPath":"/var/log/tedge/agent/workflow-software_list-c8y-mapper-2024-06-20T17:50:28.738809228Z.log","status":"executing"}
[te/device/main///cmd/software_list/c8y-mapper-2024-06-20T17:50:28.738809228Z] {"currentSoftwareList":[{"modules":[],"type":""}],"logPath":"/var/log/tedge/agent/workflow-software_list-c8y-mapper-2024-06-20T17:50:28.738809228Z.log","status":"successful"}
[te/device/main///cmd/software_list/c8y-mapper-2024-06-20T17:50:28.742208402Z] {"logPath":"/var/log/tedge/agent/workflow-software_list-c8y-mapper-2024-06-20T17:50:28.742208402Z.log","status":"executing"}
[te/device/main///cmd/software_list/c8y-mapper-2024-06-20T17:50:28.742208402Z] {"logPath":"/var/log/tedge/agent/workflow-software_list-c8y-mapper-2024-06-20T17:50:28.742208402Z.log","status":"scheduled"}
[te/device/main///cmd/software_list/c8y-mapper-2024-06-20T17:50:28.742208402Z] {"currentSoftwareList":[{"modules":[],"type":""}],"logPath":"/var/log/tedge/agent/workflow-software_list-c8y-mapper-2024-06-20T17:50:28.742208402Z.log","status":"successful"}
[te/device/main///cmd/software_list/c8y-mapper-2024-06-20T17:50:28.744712782Z] {"logPath":"/var/log/tedge/agent/workflow-software_list-c8y-mapper-2024-06-20T17:50:28.744712782Z.log","status":"executing"}
[te/device/main///cmd/software_list/c8y-mapper-2024-06-20T17:50:28.744712782Z] {"currentSoftwareList":[{"modules":[],"type":""}],"logPath":"/var/log/tedge/agent/workflow-software_list-c8y-mapper-2024-06-20T17:50:28.744712782Z.log","status":"successful"}
[te/device/main///cmd/software_list/c8y-mapper-2024-06-20T17:50:28.744712782Z] {"logPath":"/var/log/tedge/agent/workflow-software_list-c8y-mapper-2024-06-20T17:50:28.744712782Z.log","status":"scheduled"}
[te/device/main///cmd/software_list/c8y-mapper-2024-06-20T17:50:28.750616877Z] {"status":"init"}
[te/device/main///cmd/software_list/c8y-mapper-2024-06-20T17:50:28.750616877Z] {"logPath":"/var/log/tedge/agent/workflow-software_list-c8y-mapper-2024-06-20T17:50:28.750616877Z.log","status":"scheduled"}
[te/device/main///cmd/software_list/c8y-mapper-2024-06-20T17:50:28.750616877Z] {"logPath":"/var/log/tedge/agent/workflow-software_list-c8y-mapper-2024-06-20T17:50:28.750616877Z.log","status":"executing"}
[te/device/main///cmd/software_list/c8y-mapper-2024-06-20T17:50:28.750616877Z] {"currentSoftwareList":[{"modules":[],"type":""}],"logPath":"/var/log/tedge/agent/workflow-software_list-c8y-mapper-2024-06-20T17:50:28.750616877Z.log","status":"successful"}
